2021-04-16 15:08:48.034  INFO 4355 --- [main] com.shop.dashboard.DashboardApplication  : No active profile set, falling back to default profiles: default
2021-04-16 15:08:48.939  WARN 4355 --- [main] o.s.boot.actuate.endpoint.EndpointId     : Endpoint ID 'nacos-discovery' contains invalid characters, please migrate to a valid format.
2021-04-16 15:08:49.318  INFO 4355 --- [main] .s.d.r.c.RepositoryConfigurationDelegate : Multiple Spring Data modules found, entering strict repository configuration mode!
2021-04-16 15:08:49.321  INFO 4355 --- [main] .s.d.r.c.RepositoryConfigurationDelegate : Bootstrapping Spring Data Redis repositories in DEFAULT mode.
2021-04-16 15:08:49.358  INFO 4355 --- [main] .s.d.r.c.RepositoryConfigurationDelegate : Finished Spring Data repository scanning in 14ms. Found 0 Redis repository interfaces.
2021-04-16 15:08:49.455  WARN 4355 --- [main] o.s.boot.actuate.endpoint.EndpointId     : Endpoint ID 'service-registry' contains invalid characters, please migrate to a valid format.
2021-04-16 15:08:49.595  INFO 4355 --- [main] o.s.cloud.context.scope.GenericScope     : BeanFactory id=3881fa12-55fe-39cf-9234-c49c8bf10368
2021-04-16 15:08:49.715  INFO 4355 --- [main] trationDelegate$BeanPostProcessorChecker : Bean 'org.springframework.cloud.client.loadbalancer.reactive.LoadBalancerBeanPostProcessorAutoConfiguration' of type [org.springframework.cloud.client.loadbalancer.reactive.LoadBalancerBeanPostProcessorAutoConfiguration] is not eligible for getting processed by all BeanPostProcessors (for example: not eligible for auto-proxying)
2021-04-16 15:08:49.716  INFO 4355 --- [main] trationDelegate$BeanPostProcessorChecker : Bean 'org.springframework.cloud.client.loadbalancer.reactive.LoadBalancerBeanPostProcessorAutoConfiguration$ReactiveLoadBalancerConfig' of type [org.springframework.cloud.client.loadbalancer.reactive.LoadBalancerBeanPostProcessorAutoConfiguration$ReactiveLoadBalancerConfig] is not eligible for getting processed by all BeanPostProcessors (for example: not eligible for auto-proxying)
2021-04-16 15:08:49.717  INFO 4355 --- [main] trationDelegate$BeanPostProcessorChecker : Bean 'deferringLoadBalancerExchangeFilterFunction' of type [org.springframework.cloud.client.loadbalancer.reactive.DeferringLoadBalancerExchangeFilterFunction] is not eligible for getting processed by all BeanPostProcessors (for example: not eligible for auto-proxying)
2021-04-16 15:08:49.933  INFO 4355 --- [main] o.s.b.w.embedded.tomcat.TomcatWebServer  : Tomcat initialized with port(s): 9000 (http)
2021-04-16 15:08:49.942  INFO 4355 --- [main] o.apache.catalina.core.StandardService   : Starting service [Tomcat]
2021-04-16 15:08:49.942  INFO 4355 --- [main] org.apache.catalina.core.StandardEngine  : Starting Servlet engine: [Apache Tomcat/9.0.41]
2021-04-16 15:08:50.029  INFO 4355 --- [main] o.a.c.c.C.[Tomcat].[localhost].[/]       : Initializing Spring embedded WebApplicationContext
2021-04-16 15:08:50.030  INFO 4355 --- [main] w.s.c.ServletWebServerApplicationContext : Root WebApplicationContext: initialization completed in 1962 ms
2021-04-16 15:08:50.123  WARN 4355 --- [main] c.n.c.sources.URLConfigurationSource     : No URLs will be polled as dynamic configuration sources.
2021-04-16 15:08:50.123  INFO 4355 --- [main] c.n.c.sources.URLConfigurationSource     : To enable URLs as dynamic configuration sources, define System property archaius.configurationSource.additionalUrls or make config.properties available on classpath.
2021-04-16 15:08:50.131  INFO 4355 --- [main] c.netflix.config.DynamicPropertyFactory  : DynamicPropertyFactory is initialized with configuration sources: com.netflix.config.ConcurrentCompositeConfiguration@f6de586
2021-04-16 15:08:50.395  WARN 4355 --- [main] c.n.c.sources.URLConfigurationSource     : No URLs will be polled as dynamic configuration sources.
2021-04-16 15:08:50.395  INFO 4355 --- [main] c.n.c.sources.URLConfigurationSource     : To enable URLs as dynamic configuration sources, define System property archaius.configurationSource.additionalUrls or make config.properties available on classpath.
2021-04-16 15:08:50.598  INFO 4355 --- [main] o.s.s.concurrent.ThreadPoolTaskExecutor  : Initializing ExecutorService 'applicationTaskExecutor'
2021-04-16 15:08:50.722  WARN 4355 --- [main] ion$DefaultTemplateResolverConfiguration : Cannot find template location: classpath:/templates/ (please add some templates or check your Thymeleaf configuration)
2021-04-16 15:08:51.804  INFO 4355 --- [main] o.s.b.a.e.web.EndpointLinksResolver      : Exposing 19 endpoint(s) beneath base path '/actuator'
2021-04-16 15:08:52.136  INFO 4355 --- [main] o.s.b.w.embedded.tomcat.TomcatWebServer  : Tomcat started on port(s): 9000 (http) with context path ''
2021-04-16 15:08:52.191  INFO 4355 --- [main] c.a.c.n.registry.NacosServiceRegistry    : nacos registry, DEFAULT_GROUP dashboard-service 172.95.184.196:9000 register finished
2021-04-16 15:08:52.278  INFO 4355 --- [main] com.shop.dashboard.DashboardApplication  : Started DashboardApplication in 5.117 seconds (JVM running for 5.717)
2021-04-16 15:08:52.459  INFO 4355 --- [RMI TCP Connection(3)-127.0.0.1] o.a.c.c.C.[Tomcat].[localhost].[/]       : Initializing Spring DispatcherServlet 'dispatcherServlet'
2021-04-16 15:08:52.459  INFO 4355 --- [RMI TCP Connection(3)-127.0.0.1] o.s.web.servlet.DispatcherServlet        : Initializing Servlet 'dispatcherServlet'
2021-04-16 15:08:52.468  INFO 4355 --- [RMI TCP Connection(3)-127.0.0.1] o.s.web.servlet.DispatcherServlet        : Completed initialization in 9 ms
2021-04-16 15:08:52.494  INFO 4355 --- [com.alibaba.nacos.naming.client.listener] d.c.b.a.s.c.d.InstanceDiscoveryListener  : Instance 'a82c2b1157f6' missing in DiscoveryClient services and will be removed.
2021-04-16 15:44:31.444  INFO 4355 --- [reactor-http-nio-8] d.c.b.a.server.services.StatusUpdater    : Couldn't retrieve status for Instance(id=9bb2d00e3e02, version=2, registration=Registration(name=shop-service, managementUrl=http://localhost:8003/actuator, healthUrl=http://localhost:8003/actuator/health, serviceUrl=http://localhost:8003/, source=http-api), registered=true, statusInfo=StatusInfo(status=UP, details={}), statusTimestamp=2021-04-16T07:09:20.033Z, info=Info(values={}), endpoints=Endpoints(endpoints={sessions=Endpoint(id=sessions, url=http://localhost:8003/actuator/sessions), caches=Endpoint(id=caches, url=http://localhost:8003/actuator/caches), loggers=Endpoint(id=loggers, url=http://localhost:8003/actuator/loggers), logfile=Endpoint(id=logfile, url=http://localhost:8003/actuator/logfile), health=Endpoint(id=health, url=http://localhost:8003/actuator/health), refresh=Endpoint(id=refresh, url=http://localhost:8003/actuator/refresh), env=Endpoint(id=env, url=http://localhost:8003/actuator/env), heapdump=Endpoint(id=heapdump, url=http://localhost:8003/actuator/heapdump), features=Endpoint(id=features, url=http://localhost:8003/actuator/features), scheduledtasks=Endpoint(id=scheduledtasks, url=http://localhost:8003/actuator/scheduledtasks), mappings=Endpoint(id=mappings, url=http://localhost:8003/actuator/mappings), archaius=Endpoint(id=archaius, url=http://localhost:8003/actuator/archaius), beans=Endpoint(id=beans, url=http://localhost:8003/actuator/beans), configprops=Endpoint(id=configprops, url=http://localhost:8003/actuator/configprops), threaddump=Endpoint(id=threaddump, url=http://localhost:8003/actuator/threaddump), nacos-discovery=Endpoint(id=nacos-discovery, url=http://localhost:8003/actuator/nacos-discovery), metrics=Endpoint(id=metrics, url=http://localhost:8003/actuator/metrics), conditions=Endpoint(id=conditions, url=http://localhost:8003/actuator/conditions), service-registry=Endpoint(id=service-registry, url=http://localhost:8003/actuator/service-registry), info=Endpoint(id=info, url=http://localhost:8003/actuator/info)}), buildVersion=null, tags=Tags(values={}))

io.netty.channel.AbstractChannel$AnnotatedConnectException: Connection refused: localhost/127.0.0.1:8003
	Suppressed: reactor.core.publisher.FluxOnAssembly$OnAssemblyException: 
Error has been observed at the following site(s):
	|_ checkpoint ⇢ Request to GET health [DefaultWebClient]
Stack trace:
Caused by: java.net.ConnectException: Connection refused
	at sun.nio.ch.SocketChannelImpl.checkConnect(Native Method) ~[na:1.8.0_261]
	at sun.nio.ch.SocketChannelImpl.finishConnect(SocketChannelImpl.java:715) ~[na:1.8.0_261]
	at io.netty.channel.socket.nio.NioSocketChannel.doFinishConnect(NioSocketChannel.java:330) ~[netty-transport-4.1.55.Final.jar:4.1.55.Final]
	at io.netty.channel.nio.AbstractNioChannel$AbstractNioUnsafe.finishConnect(AbstractNioChannel.java:334) ~[netty-transport-4.1.55.Final.jar:4.1.55.Final]
	at io.netty.channel.nio.NioEventLoop.processSelectedKey(NioEventLoop.java:707) ~[netty-transport-4.1.55.Final.jar:4.1.55.Final]
	at io.netty.channel.nio.NioEventLoop.processSelectedKeysOptimized(NioEventLoop.java:655) ~[netty-transport-4.1.55.Final.jar:4.1.55.Final]
	at io.netty.channel.nio.NioEventLoop.processSelectedKeys(NioEventLoop.java:581) ~[netty-transport-4.1.55.Final.jar:4.1.55.Final]
	at io.netty.channel.nio.NioEventLoop.run(NioEventLoop.java:493) ~[netty-transport-4.1.55.Final.jar:4.1.55.Final]
	at io.netty.util.concurrent.SingleThreadEventExecutor$4.run(SingleThreadEventExecutor.java:989) ~[netty-common-4.1.55.Final.jar:4.1.55.Final]
	at io.netty.util.internal.ThreadExecutorMap$2.run(ThreadExecutorMap.java:74) ~[netty-common-4.1.55.Final.jar:4.1.55.Final]
	at io.netty.util.concurrent.FastThreadLocalRunnable.run(FastThreadLocalRunnable.java:30) ~[netty-common-4.1.55.Final.jar:4.1.55.Final]
	at java.lang.Thread.run(Thread.java:748) ~[na:1.8.0_261]

2021-04-16 15:46:31.428  INFO 4355 --- [reactor-http-nio-2] d.c.b.a.server.services.StatusUpdater    : Couldn't retrieve status for Instance(id=9bb2d00e3e02, version=5, registration=Registration(name=shop-service, managementUrl=http://localhost:8003/actuator, healthUrl=http://localhost:8003/actuator/health, serviceUrl=http://localhost:8003/, source=http-api), registered=true, statusInfo=StatusInfo(status=UP, details={}), statusTimestamp=2021-04-16T07:44:40.532Z, info=Info(values={}), endpoints=Endpoints(endpoints={sessions=Endpoint(id=sessions, url=http://localhost:8003/actuator/sessions), caches=Endpoint(id=caches, url=http://localhost:8003/actuator/caches), loggers=Endpoint(id=loggers, url=http://localhost:8003/actuator/loggers), logfile=Endpoint(id=logfile, url=http://localhost:8003/actuator/logfile), refresh=Endpoint(id=refresh, url=http://localhost:8003/actuator/refresh), health=Endpoint(id=health, url=http://localhost:8003/actuator/health), env=Endpoint(id=env, url=http://localhost:8003/actuator/env), heapdump=Endpoint(id=heapdump, url=http://localhost:8003/actuator/heapdump), features=Endpoint(id=features, url=http://localhost:8003/actuator/features), mappings=Endpoint(id=mappings, url=http://localhost:8003/actuator/mappings), scheduledtasks=Endpoint(id=scheduledtasks, url=http://localhost:8003/actuator/scheduledtasks), archaius=Endpoint(id=archaius, url=http://localhost:8003/actuator/archaius), configprops=Endpoint(id=configprops, url=http://localhost:8003/actuator/configprops), beans=Endpoint(id=beans, url=http://localhost:8003/actuator/beans), threaddump=Endpoint(id=threaddump, url=http://localhost:8003/actuator/threaddump), nacos-discovery=Endpoint(id=nacos-discovery, url=http://localhost:8003/actuator/nacos-discovery), metrics=Endpoint(id=metrics, url=http://localhost:8003/actuator/metrics), conditions=Endpoint(id=conditions, url=http://localhost:8003/actuator/conditions), service-registry=Endpoint(id=service-registry, url=http://localhost:8003/actuator/service-registry), info=Endpoint(id=info, url=http://localhost:8003/actuator/info)}), buildVersion=null, tags=Tags(values={}))

io.netty.channel.AbstractChannel$AnnotatedConnectException: Connection refused: localhost/127.0.0.1:8003
	Suppressed: reactor.core.publisher.FluxOnAssembly$OnAssemblyException: 
Error has been observed at the following site(s):
	|_ checkpoint ⇢ Request to GET health [DefaultWebClient]
Stack trace:
Caused by: java.net.ConnectException: Connection refused
	at sun.nio.ch.SocketChannelImpl.checkConnect(Native Method) ~[na:1.8.0_261]
	at sun.nio.ch.SocketChannelImpl.finishConnect(SocketChannelImpl.java:715) ~[na:1.8.0_261]
	at io.netty.channel.socket.nio.NioSocketChannel.doFinishConnect(NioSocketChannel.java:330) ~[netty-transport-4.1.55.Final.jar:4.1.55.Final]
	at io.netty.channel.nio.AbstractNioChannel$AbstractNioUnsafe.finishConnect(AbstractNioChannel.java:334) ~[netty-transport-4.1.55.Final.jar:4.1.55.Final]
	at io.netty.channel.nio.NioEventLoop.processSelectedKey(NioEventLoop.java:707) ~[netty-transport-4.1.55.Final.jar:4.1.55.Final]
	at io.netty.channel.nio.NioEventLoop.processSelectedKeysOptimized(NioEventLoop.java:655) ~[netty-transport-4.1.55.Final.jar:4.1.55.Final]
	at io.netty.channel.nio.NioEventLoop.processSelectedKeys(NioEventLoop.java:581) ~[netty-transport-4.1.55.Final.jar:4.1.55.Final]
	at io.netty.channel.nio.NioEventLoop.run(NioEventLoop.java:493) ~[netty-transport-4.1.55.Final.jar:4.1.55.Final]
	at io.netty.util.concurrent.SingleThreadEventExecutor$4.run(SingleThreadEventExecutor.java:989) ~[netty-common-4.1.55.Final.jar:4.1.55.Final]
	at io.netty.util.internal.ThreadExecutorMap$2.run(ThreadExecutorMap.java:74) ~[netty-common-4.1.55.Final.jar:4.1.55.Final]
	at io.netty.util.concurrent.FastThreadLocalRunnable.run(FastThreadLocalRunnable.java:30) ~[netty-common-4.1.55.Final.jar:4.1.55.Final]
	at java.lang.Thread.run(Thread.java:748) ~[na:1.8.0_261]

2021-04-16 15:49:49.433  INFO 4355 --- [SpringContextShutdownHook] c.a.c.n.registry.NacosServiceRegistry    : De-registering from Nacos Server now...
2021-04-16 15:49:49.442  INFO 4355 --- [SpringContextShutdownHook] c.a.c.n.registry.NacosServiceRegistry    : De-registration finished.
2021-04-16 15:49:59.010  INFO 4355 --- [SpringContextShutdownHook] o.s.s.concurrent.ThreadPoolTaskExecutor  : Shutting down ExecutorService 'applicationTaskExecutor'
